<?xml version="1.0" encoding="UTF-8"?>
<testsuite xmlns:xsi="http://www.w3.org/2001/XMLSchema-instance" xsi:noNamespaceSchemaLocation="https://maven.apache.org/surefire/maven-surefire-plugin/xsd/surefire-test-report.xsd" version="3.0.2" name="ru.eljke.driftguard.demo.OpenApiEndpointTest" time="7.635" tests="1" errors="0" skipped="0" failures="0">
  <properties>
[...]
</properties>
  <testcase name="exposesOpenApiDocument" classname="ru.eljke.driftguard.demo.OpenApiEndpointTest" time="3.219">
    <system-out><![CDATA[16:08:54.134 [main] INFO org.springframework.test.context.support.AnnotationConfigContextLoaderUtils -- Could not detect default configuration classes for test class [ru.eljke.driftguard.demo.OpenApiEndpointTest]: OpenApiEndpointTest does not declare any static, non-private, non-final, nested classes annotated with @Configuration.
16:08:54.231 [main] INFO org.springframework.boot.test.context.SpringBootTestContextBootstrapper -- Found @SpringBootConfiguration ru.eljke.driftguard.demo.DriftGuardDemoApplication for test class ru.eljke.driftguard.demo.OpenApiEndpointTest
16:08:54.305 [main] INFO org.springframework.test.context.support.AnnotationConfigContextLoaderUtils -- Could not detect default configuration classes for test class [ru.eljke.driftguard.demo.OpenApiEndpointTest]: OpenApiEndpointTest does not declare any static, non-private, non-final, nested classes annotated with @Configuration.
16:08:54.308 [main] INFO org.springframework.boot.test.context.SpringBootTestContextBootstrapper -- Found @SpringBootConfiguration ru.eljke.driftguard.demo.DriftGuardDemoApplication for test class ru.eljke.driftguard.demo.OpenApiEndpointTest

  .   ____          _            __ _ _
 /\\ / ___'_ __ _ _(_)_ __  __ _ \ \ \ \
( ( )\___ | '_ | '_| | '_ \/ _` | \ \ \ \
 \\/  ___)| |_)| | | | | || (_| |  ) ) ) )
  '  |____| .__|_| |_|_| |_\__, | / / / /
 =========|_|==============|___/=/_/_/_/

 :: Spring Boot ::                (v4.0.6)

2026-05-25T16:08:54.598+03:00  INFO 12432 --- [           main] r.e.driftguard.demo.OpenApiEndpointTest  : Starting OpenApiEndpointTest using Java 25.0.2 with PID 12432 (started by OMEN in C:\Projects\Study\DriftGuardDemo)
2026-05-25T16:08:54.599+03:00  INFO 12432 --- [           main] r.e.driftguard.demo.OpenApiEndpointTest  : No active profile set, falling back to 1 default profile: "default"
2026-05-25T16:08:55.802+03:00  INFO 12432 --- [           main] o.s.b.w.a.WelcomePageHandlerMapping      : Adding welcome page: class path resource [static/index.html]
2026-05-25T16:08:58.087+03:00  INFO 12432 --- [           main] o.s.b.t.m.w.SpringBootMockServletContext : Initializing Spring TestDispatcherServlet ''
2026-05-25T16:08:58.088+03:00  INFO 12432 --- [           main] o.s.t.web.servlet.TestDispatcherServlet  : Initializing Servlet ''
2026-05-25T16:08:58.108+03:00  INFO 12432 --- [           main] o.s.b.a.e.web.EndpointLinksResolver      : Exposing 3 endpoints beneath base path '/actuator'
2026-05-25T16:08:58.124+03:00  INFO 12432 --- [           main] o.s.t.web.servlet.TestDispatcherServlet  : Completed initialization in 36 ms
2026-05-25T16:08:58.282+03:00  INFO 12432 --- [           main] r.e.driftguard.demo.OpenApiEndpointTest  : Started OpenApiEndpointTest in 3.935 seconds (process running for 5.232)
2026-05-25T16:08:58.427+03:00  WARN 12432 --- [           main] o.s.core.events.SpringDocAppInitializer  : SpringDoc /v3/api-docs endpoint is enabled by default. To disable it in production, set the property 'springdoc.api-docs.enabled=false'
2026-05-25T16:08:58.427+03:00  WARN 12432 --- [           main] o.s.core.events.SpringDocAppInitializer  : SpringDoc /swagger-ui.html endpoint is enabled by default. To disable it in production, set the property 'springdoc.swagger-ui.enabled=false'
2026-05-25T16:09:01.441+03:00  INFO 12432 --- [           main] o.springdoc.api.AbstractOpenApiResource  : Init duration for springdoc-openapi is: 1809 ms
]]></system-out>
    <system-err><![CDATA[Mockito is currently self-attaching to enable the inline-mock-maker. This will no longer work in future releases of the JDK. Please add Mockito as an agent to your build as described in Mockito's documentation: https://javadoc.io/doc/org.mockito/mockito-core/latest/org.mockito/org/mockito/Mockito.html#0.3
WARNING: A Java agent has been loaded dynamically (C:\Users\OMEN\.m2\repository\net\bytebuddy\byte-buddy-agent\1.17.8\byte-buddy-agent-1.17.8.jar)
WARNING: If a serviceability tool is in use, please run with -XX:+EnableDynamicAgentLoading to hide this warning
WARNING: If a serviceability tool is not in use, please run with -Djdk.instrument.traceUsage for more information
WARNING: Dynamic loading of agents will be disallowed by default in a future release
]]></system-err>
  </testcase>
</testsuite>